This file contains any messages produced by compilers while
running configure, to aid debugging if configure makes a mistake.

It was created by racism configure 0.1, which was
generated by GNU Autoconf 2.69.  Invocation command line was

  $ ./configure 

## --------- ##
## Platform. ##
## --------- ##

hostname = localhost
uname -m = x86_64
uname -r = 12.3.0
uname -s = Darwin
uname -v = Darwin Kernel Version 12.3.0: Sun Jan  6 22:37:10 PST 2013; root:xnu-2050.22.13~1/RELEASE_X86_64

/usr/bin/uname -p = i386
/bin/uname -X     = unknown

/bin/arch              = unknown
/usr/bin/arch -k       = unknown
/usr/convex/getsysinfo = unknown
/usr/bin/hostinfo      = Mach kernel version:
	 Darwin Kernel Version 12.3.0: Sun Jan  6 22:37:10 PST 2013; root:xnu-2050.22.13~1/RELEASE_X86_64
Kernel configured for up to 8 processors.
4 processors are physically available.
8 processors are logically available.
Processor type: i486 (Intel 80486)
Processors active: 0 1 2 3 4 5 6 7
Primary memory available: 16.00 gigabytes
Default processor set: 162 tasks, 914 threads, 8 processors
Load average: 2.60, Mach factor: 5.39
/bin/machine           = unknown
/usr/bin/oslevel       = unknown
/bin/universe          = unknown

PATH: /opt/iOSOpenDev/bin
PATH: /opt/local/bin
PATH: /opt/local/sbin
PATH: /usr/bin
PATH: /bin
PATH: /usr/sbin
PATH: /sbin
PATH: /usr/local/bin
PATH: /opt/X11/bin
PATH: /usr/local/MacGPG2/bin


## ----------- ##
## Core tests. ##
## ----------- ##

configure:2219: checking for a BSD-compatible install
configure:2287: result: /opt/local/bin/ginstall -c
configure:2298: checking whether build environment is sane
configure:2353: result: yes
configure:2504: checking for a thread-safe mkdir -p
configure:2543: result: /opt/local/bin/gmkdir -p
configure:2550: checking for gawk
configure:2580: result: no
configure:2550: checking for mawk
configure:2580: result: no
configure:2550: checking for nawk
configure:2580: result: no
configure:2550: checking for awk
configure:2566: found /usr/bin/awk
configure:2577: result: awk
configure:2588: checking whether make sets $(MAKE)
configure:2610: result: yes
configure:2639: checking whether make supports nested variables
configure:2656: result: yes
configure:2751: checking whether make supports nested variables
configure:2768: result: yes
configure:2831: checking for gcc
configure:2847: found /usr/bin/gcc
configure:2858: result: gcc
configure:3087: checking for C compiler version
configure:3096: gcc --version >&5
i686-apple-darwin11-llvm-gcc-4.2 (GCC) 4.2.1 (Based on Apple Inc. build 5658) (LLVM build 2336.11.00)
Copyright (C) 2007 Free Software Foundation, Inc.
This is free software; see the source for copying conditions.  There is NO
warranty; not even for MERCHANTABILITY or FITNESS FOR A PARTICULAR PURPOSE.

configure:3107: $? = 0
configure:3096: gcc -v >&5
Using built-in specs.
Target: i686-apple-darwin11
Configured with: /private/var/tmp/llvmgcc42/llvmgcc42-2336.11~67/src/configure --disable-checking --enable-werror --prefix=/Applications/Xcode.app/Contents/Developer/usr/llvm-gcc-4.2 --mandir=/share/man --enable-languages=c,objc,c++,obj-c++ --program-prefix=llvm- --program-transform-name=/^[cg][^.-]*$/s/$/-4.2/ --with-slibdir=/usr/lib --build=i686-apple-darwin11 --enable-llvm=/private/var/tmp/llvmgcc42/llvmgcc42-2336.11~67/dst-llvmCore/Developer/usr/local --program-prefix=i686-apple-darwin11- --host=x86_64-apple-darwin11 --target=i686-apple-darwin11 --with-gxx-include-dir=/usr/include/c++/4.2.1
Thread model: posix
gcc version 4.2.1 (Based on Apple Inc. build 5658) (LLVM build 2336.11.00)
configure:3107: $? = 0
configure:3096: gcc -V >&5
llvm-gcc-4.2: argument to `-V' is missing
configure:3107: $? = 1
configure:3096: gcc -qversion >&5
i686-apple-darwin11-llvm-gcc-4.2: no input files
configure:3107: $? = 1
configure:3127: checking whether the C compiler works
configure:3149: gcc    conftest.c  >&5
configure:3153: $? = 0
configure:3201: result: yes
configure:3204: checking for C compiler default output file name
configure:3206: result: a.out
configure:3212: checking for suffix of executables
configure:3219: gcc -o conftest    conftest.c  >&5
configure:3223: $? = 0
configure:3245: result: 
configure:3267: checking whether we are cross compiling
configure:3275: gcc -o conftest    conftest.c  >&5
configure:3279: $? = 0
configure:3286: ./conftest
configure:3290: $? = 0
configure:3305: result: no
configure:3310: checking for suffix of object files
configure:3332: gcc -c   conftest.c >&5
configure:3336: $? = 0
configure:3357: result: o
configure:3361: checking whether we are using the GNU C compiler
configure:3380: gcc -c   conftest.c >&5
configure:3380: $? = 0
configure:3389: result: yes
configure:3398: checking whether gcc accepts -g
configure:3418: gcc -c -g  conftest.c >&5
configure:3418: $? = 0
configure:3459: result: yes
configure:3476: checking for gcc option to accept ISO C89
configure:3539: gcc  -c -g -O2  conftest.c >&5
configure:3539: $? = 0
configure:3552: result: none needed
configure:3583: checking for style of include used by make
configure:3611: result: GNU
configure:3637: checking dependency style of gcc
configure:3748: result: gcc3
configure:3764: checking whether gcc and cc understand -c and -o together
configure:3795: gcc -c conftest.c -o conftest2.o >&5
configure:3799: $? = 0
configure:3805: gcc -c conftest.c -o conftest2.o >&5
configure:3809: $? = 0
configure:3820: cc -c conftest.c >&5
configure:3824: $? = 0
configure:3832: cc -c conftest.c -o conftest2.o >&5
configure:3836: $? = 0
configure:3842: cc -c conftest.c -o conftest2.o >&5
configure:3846: $? = 0
configure:3864: result: yes
configure:3945: checking for pkg-config
configure:3963: found /opt/local/bin/pkg-config
configure:3975: result: /opt/local/bin/pkg-config
configure:4000: checking pkg-config is at least version 0.9.0
configure:4003: result: yes
configure:4013: checking for libimobiledevice
configure:4020: $PKG_CONFIG --exists --print-errors "libimobiledevice-1.0 >= 0.9.7"
configure:4023: $? = 0
configure:4037: $PKG_CONFIG --exists --print-errors "libimobiledevice-1.0 >= 0.9.7"
configure:4040: $? = 0
configure:4098: result: yes
configure:4104: checking for libplist
configure:4111: $PKG_CONFIG --exists --print-errors "libplist >= 0.15"
configure:4114: $? = 0
configure:4128: $PKG_CONFIG --exists --print-errors "libplist >= 0.15"
configure:4131: $? = 0
configure:4189: result: yes
configure:4195: checking for libzip
configure:4202: $PKG_CONFIG --exists --print-errors "libzip >= 0.8"
configure:4205: $? = 0
configure:4219: $PKG_CONFIG --exists --print-errors "libzip >= 0.8"
configure:4222: $? = 0
configure:4280: result: yes
configure:4292: checking how to run the C preprocessor
configure:4323: gcc -E  conftest.c
configure:4323: $? = 0
configure:4337: gcc -E  conftest.c
conftest.c:11:28: error: ac_nonexistent.h: No such file or directory
configure:4337: $? = 1
configure: failed program was:
| /* confdefs.h */
| #define PACKAGE_NAME "racism"
| #define PACKAGE_TARNAME "racism"
| #define PACKAGE_VERSION "0.1"
| #define PACKAGE_STRING "racism 0.1"
| #define PACKAGE_BUGREPORT "posixninja@gmail.com"
| #define PACKAGE_URL ""
| #define PACKAGE "racism"
| #define VERSION "0.1"
| /* end confdefs.h.  */
| #include <ac_nonexistent.h>
configure:4362: result: gcc -E
configure:4382: gcc -E  conftest.c
configure:4382: $? = 0
configure:4396: gcc -E  conftest.c
conftest.c:11:28: error: ac_nonexistent.h: No such file or directory
configure:4396: $? = 1
configure: failed program was:
| /* confdefs.h */
| #define PACKAGE_NAME "racism"
| #define PACKAGE_TARNAME "racism"
| #define PACKAGE_VERSION "0.1"
| #define PACKAGE_STRING "racism 0.1"
| #define PACKAGE_BUGREPORT "posixninja@gmail.com"
| #define PACKAGE_URL ""
| #define PACKAGE "racism"
| #define VERSION "0.1"
| /* end confdefs.h.  */
| #include <ac_nonexistent.h>
configure:4425: checking for grep that handles long lines and -e
configure:4483: result: /usr/bin/grep
configure:4488: checking for egrep
configure:4550: result: /usr/bin/grep -E
configure:4555: checking for ANSI C header files
configure:4575: gcc -c -g -O2  conftest.c >&5
configure:4575: $? = 0
configure:4648: gcc -o conftest -g -O2   conftest.c  >&5
configure:4648: $? = 0
configure:4648: ./conftest
configure:4648: $? = 0
configure:4659: result: yes
configure:4669: checking for an ANSI C-conforming const
configure:4735: gcc -c -g -O2  conftest.c >&5
configure:4735: $? = 0
configure:4742: result: yes
configure:4755: checking for sys/types.h
configure:4755: gcc -c -g -O2  conftest.c >&5
configure:4755: $? = 0
configure:4755: result: yes
configure:4755: checking for sys/stat.h
configure:4755: gcc -c -g -O2  conftest.c >&5
configure:4755: $? = 0
configure:4755: result: yes
configure:4755: checking for stdlib.h
configure:4755: gcc -c -g -O2  conftest.c >&5
configure:4755: $? = 0
configure:4755: result: yes
configure:4755: checking for string.h
configure:4755: gcc -c -g -O2  conftest.c >&5
configure:4755: $? = 0
configure:4755: result: yes
configure:4755: checking for memory.h
configure:4755: gcc -c -g -O2  conftest.c >&5
configure:4755: $? = 0
configure:4755: result: yes
configure:4755: checking for strings.h
configure:4755: gcc -c -g -O2  conftest.c >&5
configure:4755: $? = 0
configure:4755: result: yes
configure:4755: checking for inttypes.h
configure:4755: gcc -c -g -O2  conftest.c >&5
configure:4755: $? = 0
configure:4755: result: yes
configure:4755: checking for stdint.h
configure:4755: gcc -c -g -O2  conftest.c >&5
configure:4755: $? = 0
configure:4755: result: yes
configure:4755: checking for unistd.h
configure:4755: gcc -c -g -O2  conftest.c >&5
configure:4755: $? = 0
configure:4755: result: yes
configure:4767: checking for size_t
configure:4767: gcc -c -g -O2  conftest.c >&5
configure:4767: $? = 0
configure:4767: gcc -c -g -O2  conftest.c >&5
conftest.c: In function 'main':
conftest.c:57: error: expected expression before ')' token
configure:4767: $? = 1
configure: failed program was:
| /* confdefs.h */
| #define PACKAGE_NAME "racism"
| #define PACKAGE_TARNAME "racism"
| #define PACKAGE_VERSION "0.1"
| #define PACKAGE_STRING "racism 0.1"
| #define PACKAGE_BUGREPORT "posixninja@gmail.com"
| #define PACKAGE_URL ""
| #define PACKAGE "racism"
| #define VERSION "0.1"
| #define STDC_HEADERS 1
| #define HAVE_SYS_TYPES_H 1
| #define HAVE_SYS_STAT_H 1
| #define HAVE_STDLIB_H 1
| #define HAVE_STRING_H 1
| #define HAVE_MEMORY_H 1
| #define HAVE_STRINGS_H 1
| #define HAVE_INTTYPES_H 1
| #define HAVE_STDINT_H 1
| #define HAVE_UNISTD_H 1
| /* end confdefs.h.  */
| #include <stdio.h>
| #ifdef HAVE_SYS_TYPES_H
| # include <sys/types.h>
| #endif
| #ifdef HAVE_SYS_STAT_H
| # include <sys/stat.h>
| #endif
| #ifdef STDC_HEADERS
| # include <stdlib.h>
| # include <stddef.h>
| #else
| # ifdef HAVE_STDLIB_H
| #  include <stdlib.h>
| # endif
| #endif
| #ifdef HAVE_STRING_H
| # if !defined STDC_HEADERS && defined HAVE_MEMORY_H
| #  include <memory.h>
| # endif
| # include <string.h>
| #endif
| #ifdef HAVE_STRINGS_H
| # include <strings.h>
| #endif
| #ifdef HAVE_INTTYPES_H
| # include <inttypes.h>
| #endif
| #ifdef HAVE_STDINT_H
| # include <stdint.h>
| #endif
| #ifdef HAVE_UNISTD_H
| # include <unistd.h>
| #endif
| int
| main ()
| {
| if (sizeof ((size_t)))
| 	    return 0;
|   ;
|   return 0;
| }
configure:4767: result: yes
configure:4778: checking for ssize_t
configure:4778: gcc -c -g -O2  conftest.c >&5
configure:4778: $? = 0
configure:4778: gcc -c -g -O2  conftest.c >&5
conftest.c: In function 'main':
conftest.c:57: error: expected expression before ')' token
configure:4778: $? = 1
configure: failed program was:
| /* confdefs.h */
| #define PACKAGE_NAME "racism"
| #define PACKAGE_TARNAME "racism"
| #define PACKAGE_VERSION "0.1"
| #define PACKAGE_STRING "racism 0.1"
| #define PACKAGE_BUGREPORT "posixninja@gmail.com"
| #define PACKAGE_URL ""
| #define PACKAGE "racism"
| #define VERSION "0.1"
| #define STDC_HEADERS 1
| #define HAVE_SYS_TYPES_H 1
| #define HAVE_SYS_STAT_H 1
| #define HAVE_STDLIB_H 1
| #define HAVE_STRING_H 1
| #define HAVE_MEMORY_H 1
| #define HAVE_STRINGS_H 1
| #define HAVE_INTTYPES_H 1
| #define HAVE_STDINT_H 1
| #define HAVE_UNISTD_H 1
| /* end confdefs.h.  */
| #include <stdio.h>
| #ifdef HAVE_SYS_TYPES_H
| # include <sys/types.h>
| #endif
| #ifdef HAVE_SYS_STAT_H
| # include <sys/stat.h>
| #endif
| #ifdef STDC_HEADERS
| # include <stdlib.h>
| # include <stddef.h>
| #else
| # ifdef HAVE_STDLIB_H
| #  include <stdlib.h>
| # endif
| #endif
| #ifdef HAVE_STRING_H
| # if !defined STDC_HEADERS && defined HAVE_MEMORY_H
| #  include <memory.h>
| # endif
| # include <string.h>
| #endif
| #ifdef HAVE_STRINGS_H
| # include <strings.h>
| #endif
| #ifdef HAVE_INTTYPES_H
| # include <inttypes.h>
| #endif
| #ifdef HAVE_STDINT_H
| # include <stdint.h>
| #endif
| #ifdef HAVE_UNISTD_H
| # include <unistd.h>
| #endif
| int
| main ()
| {
| if (sizeof ((ssize_t)))
| 	    return 0;
|   ;
|   return 0;
| }
configure:4778: result: yes
configure:4789: checking for uint16_t
configure:4789: gcc -c -g -O2  conftest.c >&5
configure:4789: $? = 0
configure:4789: result: yes
configure:4801: checking for uint32_t
configure:4801: gcc -c -g -O2  conftest.c >&5
configure:4801: $? = 0
configure:4801: result: yes
configure:4815: checking for uint8_t
configure:4815: gcc -c -g -O2  conftest.c >&5
configure:4815: $? = 0
configure:4815: result: yes
configure:4833: checking for stdlib.h
configure:4833: result: yes
configure:4843: checking for GNU libc compatible malloc
configure:4867: gcc -o conftest -g -O2   conftest.c  >&5
configure:4867: $? = 0
configure:4867: ./conftest
configure:4867: $? = 0
configure:4877: result: yes
configure:4900: checking for stdlib.h
configure:4900: result: yes
configure:4910: checking for GNU libc compatible realloc
configure:4934: gcc -o conftest -g -O2   conftest.c  >&5
configure:4934: $? = 0
configure:4934: ./conftest
configure:4934: $? = 0
configure:4944: result: yes
configure:4979: checking whether make supports nested variables
configure:4996: result: yes
configure:5155: checking that generated files are newer than configure
configure:5161: result: done
configure:5184: creating ./config.status

## ---------------------- ##
## Running config.status. ##
## ---------------------- ##

This file was extended by racism config.status 0.1, which was
generated by GNU Autoconf 2.69.  Invocation command line was

  CONFIG_FILES    = 
  CONFIG_HEADERS  = 
  CONFIG_LINKS    = 
  CONFIG_COMMANDS = 
  $ ./config.status 

on localhost

config.status:788: creating Makefile
config.status:788: creating src/Makefile
config.status:960: executing depfiles commands

## ---------------- ##
## Cache variables. ##
## ---------------- ##

ac_cv_c_compiler_gnu=yes
ac_cv_c_const=yes
ac_cv_c_uint16_t=yes
ac_cv_c_uint32_t=yes
ac_cv_c_uint8_t=yes
ac_cv_env_CC_set=
ac_cv_env_CC_value=
ac_cv_env_CFLAGS_set=
ac_cv_env_CFLAGS_value=
ac_cv_env_CPPFLAGS_set=
ac_cv_env_CPPFLAGS_value=
ac_cv_env_CPP_set=
ac_cv_env_CPP_value=
ac_cv_env_LDFLAGS_set=
ac_cv_env_LDFLAGS_value=
ac_cv_env_LIBS_set=
ac_cv_env_LIBS_value=
ac_cv_env_PKG_CONFIG_LIBDIR_set=
ac_cv_env_PKG_CONFIG_LIBDIR_value=
ac_cv_env_PKG_CONFIG_PATH_set=
ac_cv_env_PKG_CONFIG_PATH_value=
ac_cv_env_PKG_CONFIG_set=
ac_cv_env_PKG_CONFIG_value=
ac_cv_env_build_alias_set=
ac_cv_env_build_alias_value=
ac_cv_env_host_alias_set=
ac_cv_env_host_alias_value=
ac_cv_env_libimobiledevice_CFLAGS_set=
ac_cv_env_libimobiledevice_CFLAGS_value=
ac_cv_env_libimobiledevice_LIBS_set=
ac_cv_env_libimobiledevice_LIBS_value=
ac_cv_env_libplist_CFLAGS_set=
ac_cv_env_libplist_CFLAGS_value=
ac_cv_env_libplist_LIBS_set=
ac_cv_env_libplist_LIBS_value=
ac_cv_env_libzip_CFLAGS_set=
ac_cv_env_libzip_CFLAGS_value=
ac_cv_env_libzip_LIBS_set=
ac_cv_env_libzip_LIBS_value=
ac_cv_env_target_alias_set=
ac_cv_env_target_alias_value=
ac_cv_func_malloc_0_nonnull=yes
ac_cv_func_realloc_0_nonnull=yes
ac_cv_header_inttypes_h=yes
ac_cv_header_memory_h=yes
ac_cv_header_stdc=yes
ac_cv_header_stdint_h=yes
ac_cv_header_stdlib_h=yes
ac_cv_header_string_h=yes
ac_cv_header_strings_h=yes
ac_cv_header_sys_stat_h=yes
ac_cv_header_sys_types_h=yes
ac_cv_header_unistd_h=yes
ac_cv_objext=o
ac_cv_path_EGREP='/usr/bin/grep -E'
ac_cv_path_GREP=/usr/bin/grep
ac_cv_path_ac_pt_PKG_CONFIG=/opt/local/bin/pkg-config
ac_cv_path_install='/opt/local/bin/ginstall -c'
ac_cv_path_mkdir=/opt/local/bin/gmkdir
ac_cv_prog_AWK=awk
ac_cv_prog_CPP='gcc -E'
ac_cv_prog_ac_ct_CC=gcc
ac_cv_prog_cc_c89=
ac_cv_prog_cc_g=yes
ac_cv_prog_cc_gcc_c_o=yes
ac_cv_prog_make_make_set=yes
ac_cv_type_size_t=yes
ac_cv_type_ssize_t=yes
am_cv_CC_dependencies_compiler_type=gcc3
am_cv_make_support_nested_variables=yes
pkg_cv_libimobiledevice_CFLAGS='-I/opt/local/include -I/opt/local/include/libxml2 -I/opt/local/include '
pkg_cv_libimobiledevice_LIBS='-L/opt/local/lib -limobiledevice -lplist -lusbmuxd -lssl -lcrypto '
pkg_cv_libplist_CFLAGS='-I/opt/local/include -I/opt/local/include/libxml2 '
pkg_cv_libplist_LIBS='-L/opt/local/lib -lplist '
pkg_cv_libzip_CFLAGS='-I/opt/local/include -I/opt/local/lib/libzip/include '
pkg_cv_libzip_LIBS='-L/opt/local/lib -lzip -lz '

## ----------------- ##
## Output variables. ##
## ----------------- ##

ACLOCAL='${SHELL} /Users/posixninja/Desktop/Development/Chronic-Dev/racism/missing aclocal-1.13'
AMDEPBACKSLASH='\'
AMDEP_FALSE='#'
AMDEP_TRUE=''
AMTAR='$${TAR-tar}'
AM_BACKSLASH='\'
AM_DEFAULT_V='$(AM_DEFAULT_VERBOSITY)'
AM_DEFAULT_VERBOSITY='0'
AM_V='$(V)'
AUTOCONF='${SHELL} /Users/posixninja/Desktop/Development/Chronic-Dev/racism/missing autoconf'
AUTOHEADER='${SHELL} /Users/posixninja/Desktop/Development/Chronic-Dev/racism/missing autoheader'
AUTOMAKE='${SHELL} /Users/posixninja/Desktop/Development/Chronic-Dev/racism/missing automake-1.13'
AWK='awk'
CC='gcc'
CCDEPMODE='depmode=gcc3'
CFLAGS='-g -O2'
CPP='gcc -E'
CPPFLAGS=''
CYGPATH_W='echo'
DEFS='-DPACKAGE_NAME=\"racism\" -DPACKAGE_TARNAME=\"racism\" -DPACKAGE_VERSION=\"0.1\" -DPACKAGE_STRING=\"racism\ 0.1\" -DPACKAGE_BUGREPORT=\"posixninja@gmail.com\" -DPACKAGE_URL=\"\" -DPACKAGE=\"racism\" -DVERSION=\"0.1\" -DSTDC_HEADERS=1 -DHAVE_SYS_TYPES_H=1 -DHAVE_SYS_STAT_H=1 -DHAVE_STDLIB_H=1 -DHAVE_STRING_H=1 -DHAVE_MEMORY_H=1 -DHAVE_STRINGS_H=1 -DHAVE_INTTYPES_H=1 -DHAVE_STDINT_H=1 -DHAVE_UNISTD_H=1 -DHAVE_STDLIB_H=1 -DHAVE_MALLOC=1 -DHAVE_STDLIB_H=1 -DHAVE_REALLOC=1'
DEPDIR='.deps'
ECHO_C='\c'
ECHO_N=''
ECHO_T=''
EGREP='/usr/bin/grep -E'
EXEEXT=''
GLOBAL_CFLAGS=''
GREP='/usr/bin/grep'
INSTALL_DATA='${INSTALL} -m 644'
INSTALL_PROGRAM='${INSTALL}'
INSTALL_SCRIPT='${INSTALL}'
INSTALL_STRIP_PROGRAM='$(install_sh) -c -s'
LDFLAGS=''
LIBOBJS=''
LIBS=''
LTLIBOBJS=''
MAKEINFO='${SHELL} /Users/posixninja/Desktop/Development/Chronic-Dev/racism/missing makeinfo'
MKDIR_P='/opt/local/bin/gmkdir -p'
OBJEXT='o'
PACKAGE='racism'
PACKAGE_BUGREPORT='posixninja@gmail.com'
PACKAGE_NAME='racism'
PACKAGE_STRING='racism 0.1'
PACKAGE_TARNAME='racism'
PACKAGE_URL=''
PACKAGE_VERSION='0.1'
PATH_SEPARATOR=':'
PKG_CONFIG='/opt/local/bin/pkg-config'
PKG_CONFIG_LIBDIR=''
PKG_CONFIG_PATH=''
SET_MAKE=''
SHELL='/bin/sh'
STRIP=''
VERSION='0.1'
ac_ct_CC='gcc'
am__EXEEXT_FALSE=''
am__EXEEXT_TRUE='#'
am__fastdepCC_FALSE='#'
am__fastdepCC_TRUE=''
am__include='include'
am__isrc=''
am__leading_dot='.'
am__nodep='_no'
am__quote=''
am__tar='$${TAR-tar} chof - "$$tardir"'
am__untar='$${TAR-tar} xf -'
bindir='${exec_prefix}/bin'
build_alias=''
datadir='${datarootdir}'
datarootdir='${prefix}/share'
docdir='${datarootdir}/doc/${PACKAGE_TARNAME}'
dvidir='${docdir}'
exec_prefix='${prefix}'
host_alias=''
htmldir='${docdir}'
includedir='${prefix}/include'
infodir='${datarootdir}/info'
install_sh='${SHELL} /Users/posixninja/Desktop/Development/Chronic-Dev/racism/install-sh'
libdir='${exec_prefix}/lib'
libexecdir='${exec_prefix}/libexec'
libimobiledevice_CFLAGS='-I/opt/local/include -I/opt/local/include/libxml2 -I/opt/local/include '
libimobiledevice_LIBS='-L/opt/local/lib -limobiledevice -lplist -lusbmuxd -lssl -lcrypto '
libplist_CFLAGS='-I/opt/local/include -I/opt/local/include/libxml2 '
libplist_LIBS='-L/opt/local/lib -lplist '
libzip_CFLAGS='-I/opt/local/include -I/opt/local/lib/libzip/include '
libzip_LIBS='-L/opt/local/lib -lzip -lz '
localedir='${datarootdir}/locale'
localstatedir='${prefix}/var'
mandir='${datarootdir}/man'
mkdir_p='$(MKDIR_P)'
oldincludedir='/usr/include'
pdfdir='${docdir}'
prefix='/usr/local'
program_transform_name='s,x,x,'
psdir='${docdir}'
sbindir='${exec_prefix}/sbin'
sharedstatedir='${prefix}/com'
sysconfdir='${prefix}/etc'
target_alias=''

## ----------- ##
## confdefs.h. ##
## ----------- ##

/* confdefs.h */
#define PACKAGE_NAME "racism"
#define PACKAGE_TARNAME "racism"
#define PACKAGE_VERSION "0.1"
#define PACKAGE_STRING "racism 0.1"
#define PACKAGE_BUGREPORT "posixninja@gmail.com"
#define PACKAGE_URL ""
#define PACKAGE "racism"
#define VERSION "0.1"
#define STDC_HEADERS 1
#define HAVE_SYS_TYPES_H 1
#define HAVE_SYS_STAT_H 1
#define HAVE_STDLIB_H 1
#define HAVE_STRING_H 1
#define HAVE_MEMORY_H 1
#define HAVE_STRINGS_H 1
#define HAVE_INTTYPES_H 1
#define HAVE_STDINT_H 1
#define HAVE_UNISTD_H 1
#define HAVE_STDLIB_H 1
#define HAVE_MALLOC 1
#define HAVE_STDLIB_H 1
#define HAVE_REALLOC 1

configure: exit 0
